[0m[[0m[0mdebug[0m] [0m[0m> Exec(run, Some(d2586bd9-4c56-41d5-b7f9-7b41e4ac419d), Some(CommandSource(console0)))[0m
[0m[[0m[0mdebug[0m] [0m[0mEvaluating tasks: Compile / run[0m
[0m[[0m[0mdebug[0m] [0m[0mRunning task... Cancel: Signal, check cycles: false, forcegc: true[0m
[0m[[0m[31merror[0m] [0m[0mjava.lang.IllegalStateException: Application launch must not be called more than once[0m
[0m[[0m[31merror[0m] [0m[0m	at com.sun.javafx.application.LauncherImpl.launchApplication(LauncherImpl.java:162)[0m
[0m[[0m[31merror[0m] [0m[0m	at com.sun.javafx.application.LauncherImpl.launchApplication(LauncherImpl.java:143)[0m
[0m[[0m[31merror[0m] [0m[0m	at javafx.application.Application.launch(Application.java:191)[0m
[0m[[0m[31merror[0m] [0m[0m	at scalafx.application.JFXApp.main(JFXApp.scala:301)[0m
[0m[[0m[31merror[0m] [0m[0m	at scalafx.application.JFXApp.main$(JFXApp.scala:295)[0m
[0m[[0m[31merror[0m] [0m[0m	at Main$.main(Main.scala:11)[0m
[0m[[0m[31merror[0m] [0m[0m	at Main.main(Main.scala)[0m
[0m[[0m[31merror[0m] [0m[0m	at sun.reflect.NativeMethodAccessorImpl.invoke0(Native Method)[0m
[0m[[0m[31merror[0m] [0m[0m	at sun.reflect.NativeMethodAccessorImpl.invoke(NativeMethodAccessorImpl.java:62)[0m
[0m[[0m[31merror[0m] [0m[0m	at sun.reflect.DelegatingMethodAccessorImpl.invoke(DelegatingMethodAccessorImpl.java:43)[0m
[0m[[0m[31merror[0m] [0m[0m	at java.lang.reflect.Method.invoke(Method.java:498)[0m
[0m[[0m[31merror[0m] [0m[0m	at sbt.Run.invokeMain(Run.scala:143)[0m
[0m[[0m[31merror[0m] [0m[0m	at sbt.Run.execute$1(Run.scala:93)[0m
[0m[[0m[31merror[0m] [0m[0m	at sbt.Run.$anonfun$runWithLoader$5(Run.scala:120)[0m
[0m[[0m[31merror[0m] [0m[0m	at sbt.Run$.executeSuccess(Run.scala:186)[0m
[0m[[0m[31merror[0m] [0m[0m	at sbt.Run.runWithLoader(Run.scala:120)[0m
[0m[[0m[31merror[0m] [0m[0m	at sbt.Defaults$.$anonfun$bgRunTask$6(Defaults.scala:1980)[0m
[0m[[0m[31merror[0m] [0m[0m	at sbt.Defaults$.$anonfun$termWrapper$2(Defaults.scala:1919)[0m
[0m[[0m[31merror[0m] [0m[0m	at scala.runtime.java8.JFunction0$mcV$sp.apply(JFunction0$mcV$sp.java:23)[0m
[0m[[0m[31merror[0m] [0m[0m	at scala.util.Try$.apply(Try.scala:213)[0m
[0m[[0m[31merror[0m] [0m[0m	at sbt.internal.BackgroundThreadPool$BackgroundRunnable.run(DefaultBackgroundJobService.scala:366)[0m
[0m[[0m[31merror[0m] [0m[0m	at java.util.concurrent.ThreadPoolExecutor.runWorker(ThreadPoolExecutor.java:1149)[0m
[0m[[0m[31merror[0m] [0m[0m	at java.util.concurrent.ThreadPoolExecutor$Worker.run(ThreadPoolExecutor.java:624)[0m
[0m[[0m[31merror[0m] [0m[0m	at java.lang.Thread.run(Thread.java:750)[0m
[0m[[0m[31merror[0m] [0m[0m(Compile / [31mrun[0m) java.lang.IllegalStateException: Application launch must not be called more than once[0m
[0m[[0m[31merror[0m] [0m[0mTotal time: 1 s, completed 9 Apr, 2023 4:15:40 AM[0m
[0m[[0m[0mdebug[0m] [0m[0m> Exec(shell, None, None)[0m
